0 info it worked if it ends with ok
1 verbose cli [ '/usr/local/Cellar/node/0.10.9/bin/node',
1 verbose cli   '/usr/local/bin/npm',
1 verbose cli   'install' ]
2 info using npm@1.2.24
3 info using node@v0.10.9
4 verbose read json /Users/christopheresplin/Development/quiver/package.json
5 warn package.json test@0.0.0-16 No repository field.
6 verbose readDependencies using package.json deps
7 verbose install where, deps [ '/Users/christopheresplin/Development/quiver',
7 verbose install   [ 'express',
7 verbose install     'convict',
7 verbose install     'colors',
7 verbose install     'quiver-auth',
7 verbose install     'quake-sdk',
7 verbose install     'consolidate',
7 verbose install     'handlebars',
7 verbose install     'grunt',
7 verbose install     'grunt-contrib-copy',
7 verbose install     'grunt-contrib-concat',
7 verbose install     'grunt-contrib-coffee',
7 verbose install     'grunt-contrib-uglify',
7 verbose install     'grunt-contrib-compass',
7 verbose install     'grunt-contrib-jshint',
7 verbose install     'grunt-contrib-cssmin',
7 verbose install     'grunt-contrib-connect',
7 verbose install     'grunt-contrib-clean',
7 verbose install     'grunt-contrib-htmlmin',
7 verbose install     'grunt-contrib-imagemin',
7 verbose install     'grunt-contrib-livereload',
7 verbose install     'grunt-bower-requirejs',
7 verbose install     'grunt-usemin',
7 verbose install     'grunt-regarde',
7 verbose install     'grunt-rev',
7 verbose install     'grunt-karma',
7 verbose install     'grunt-open',
7 verbose install     'matchdep',
7 verbose install     'grunt-google-cdn',
7 verbose install     'grunt-ngmin',
7 verbose install     'nodeunit',
7 verbose install     'grunt-contrib-nodeunit',
7 verbose install     'supertest',
7 verbose install     'grunt-contrib-watch' ] ]
8 verbose from cache /Users/christopheresplin/Development/quiver/package.json
9 info preinstall test@0.0.0-16
10 verbose from cache /Users/christopheresplin/Development/quiver/package.json
11 verbose readDependencies using package.json deps
12 verbose cache add [ 'convict@~0.2.3', null ]
13 verbose cache add name=undefined spec="convict@~0.2.3" args=["convict@~0.2.3",null]
14 verbose parsed url { protocol: null,
14 verbose parsed url   slashes: null,
14 verbose parsed url   auth: null,
14 verbose parsed url   host: null,
14 verbose parsed url   port: null,
14 verbose parsed url   hostname: null,
14 verbose parsed url   hash: null,
14 verbose parsed url   search: null,
14 verbose parsed url   query: null,
14 verbose parsed url   pathname: 'convict@~0.2.3',
14 verbose parsed url   path: 'convict@~0.2.3',
14 verbose parsed url   href: 'convict@~0.2.3' }
15 verbose cache add name="convict" spec="~0.2.3" args=["convict","~0.2.3"]
16 verbose parsed url { protocol: null,
16 verbose parsed url   slashes: null,
16 verbose parsed url   auth: null,
16 verbose parsed url   host: null,
16 verbose parsed url   port: null,
16 verbose parsed url   hostname: null,
16 verbose parsed url   hash: null,
16 verbose parsed url   search: null,
16 verbose parsed url   query: null,
16 verbose parsed url   pathname: '~0.2.3',
16 verbose parsed url   path: '~0.2.3',
16 verbose parsed url   href: '~0.2.3' }
17 verbose addNamed [ 'convict', '~0.2.3' ]
18 verbose addNamed [ null, '>=0.2.3- <0.3.0-' ]
19 verbose cache add [ 'quiver-auth@git://github.com/deltaepsilon/quiver-auth.git',
19 verbose cache add   null ]
20 verbose cache add name=undefined spec="quiver-auth@git://github.com/deltaepsilon/quiver-auth.git" args=["quiver-auth@git://github.com/deltaepsilon/quiver-auth.git",null]
21 verbose parsed url { protocol: null,
21 verbose parsed url   slashes: null,
21 verbose parsed url   auth: null,
21 verbose parsed url   host: null,
21 verbose parsed url   port: null,
21 verbose parsed url   hostname: null,
21 verbose parsed url   hash: null,
21 verbose parsed url   search: null,
21 verbose parsed url   query: null,
21 verbose parsed url   pathname: 'quiver-auth@git://github.com/deltaepsilon/quiver-auth.git',
21 verbose parsed url   path: 'quiver-auth@git://github.com/deltaepsilon/quiver-auth.git',
21 verbose parsed url   href: 'quiver-auth@git://github.com/deltaepsilon/quiver-auth.git' }
22 verbose cache add name="quiver-auth" spec="git://github.com/deltaepsilon/quiver-auth.git" args=["quiver-auth","git://github.com/deltaepsilon/quiver-auth.git"]
23 verbose parsed url { protocol: 'git:',
23 verbose parsed url   slashes: true,
23 verbose parsed url   auth: null,
23 verbose parsed url   host: 'github.com',
23 verbose parsed url   port: null,
23 verbose parsed url   hostname: 'github.com',
23 verbose parsed url   hash: null,
23 verbose parsed url   search: null,
23 verbose parsed url   query: null,
23 verbose parsed url   pathname: '/deltaepsilon/quiver-auth.git',
23 verbose parsed url   path: '/deltaepsilon/quiver-auth.git',
23 verbose parsed url   href: 'git://github.com/deltaepsilon/quiver-auth.git' }
24 verbose cache add [ 'colors@~0.6.0-1', null ]
25 verbose cache add name=undefined spec="colors@~0.6.0-1" args=["colors@~0.6.0-1",null]
26 verbose parsed url { protocol: null,
26 verbose parsed url   slashes: null,
26 verbose parsed url   auth: null,
26 verbose parsed url   host: null,
26 verbose parsed url   port: null,
26 verbose parsed url   hostname: null,
26 verbose parsed url   hash: null,
26 verbose parsed url   search: null,
26 verbose parsed url   query: null,
26 verbose parsed url   pathname: 'colors@~0.6.0-1',
26 verbose parsed url   path: 'colors@~0.6.0-1',
26 verbose parsed url   href: 'colors@~0.6.0-1' }
27 verbose cache add name="colors" spec="~0.6.0-1" args=["colors","~0.6.0-1"]
28 verbose parsed url { protocol: null,
28 verbose parsed url   slashes: null,
28 verbose parsed url   auth: null,
28 verbose parsed url   host: null,
28 verbose parsed url   port: null,
28 verbose parsed url   hostname: null,
28 verbose parsed url   hash: null,
28 verbose parsed url   search: null,
28 verbose parsed url   query: null,
28 verbose parsed url   pathname: '~0.6.0-1',
28 verbose parsed url   path: '~0.6.0-1',
28 verbose parsed url   href: '~0.6.0-1' }
29 verbose addNamed [ 'colors', '~0.6.0-1' ]
30 verbose addNamed [ null, '>=0.6.0-1 <0.7.0-' ]
31 verbose cache add [ 'quake-sdk@git://github.com/deltaepsilon/quake-sdk.git',
31 verbose cache add   null ]
32 verbose cache add name=undefined spec="quake-sdk@git://github.com/deltaepsilon/quake-sdk.git" args=["quake-sdk@git://github.com/deltaepsilon/quake-sdk.git",null]
33 verbose parsed url { protocol: null,
33 verbose parsed url   slashes: null,
33 verbose parsed url   auth: null,
33 verbose parsed url   host: null,
33 verbose parsed url   port: null,
33 verbose parsed url   hostname: null,
33 verbose parsed url   hash: null,
33 verbose parsed url   search: null,
33 verbose parsed url   query: null,
33 verbose parsed url   pathname: 'quake-sdk@git://github.com/deltaepsilon/quake-sdk.git',
33 verbose parsed url   path: 'quake-sdk@git://github.com/deltaepsilon/quake-sdk.git',
33 verbose parsed url   href: 'quake-sdk@git://github.com/deltaepsilon/quake-sdk.git' }
34 verbose cache add name="quake-sdk" spec="git://github.com/deltaepsilon/quake-sdk.git" args=["quake-sdk","git://github.com/deltaepsilon/quake-sdk.git"]
35 verbose parsed url { protocol: 'git:',
35 verbose parsed url   slashes: true,
35 verbose parsed url   auth: null,
35 verbose parsed url   host: 'github.com',
35 verbose parsed url   port: null,
35 verbose parsed url   hostname: 'github.com',
35 verbose parsed url   hash: null,
35 verbose parsed url   search: null,
35 verbose parsed url   query: null,
35 verbose parsed url   pathname: '/deltaepsilon/quake-sdk.git',
35 verbose parsed url   path: '/deltaepsilon/quake-sdk.git',
35 verbose parsed url   href: 'git://github.com/deltaepsilon/quake-sdk.git' }
36 verbose cache add [ 'consolidate@~0.9.1', null ]
37 verbose cache add name=undefined spec="consolidate@~0.9.1" args=["consolidate@~0.9.1",null]
38 verbose parsed url { protocol: null,
38 verbose parsed url   slashes: null,
38 verbose parsed url   auth: null,
38 verbose parsed url   host: null,
38 verbose parsed url   port: null,
38 verbose parsed url   hostname: null,
38 verbose parsed url   hash: null,
38 verbose parsed url   search: null,
38 verbose parsed url   query: null,
38 verbose parsed url   pathname: 'consolidate@~0.9.1',
38 verbose parsed url   path: 'consolidate@~0.9.1',
38 verbose parsed url   href: 'consolidate@~0.9.1' }
39 verbose cache add name="consolidate" spec="~0.9.1" args=["consolidate","~0.9.1"]
40 verbose parsed url { protocol: null,
40 verbose parsed url   slashes: null,
40 verbose parsed url   auth: null,
40 verbose parsed url   host: null,
40 verbose parsed url   port: null,
40 verbose parsed url   hostname: null,
40 verbose parsed url   hash: null,
40 verbose parsed url   search: null,
40 verbose parsed url   query: null,
40 verbose parsed url   pathname: '~0.9.1',
40 verbose parsed url   path: '~0.9.1',
40 verbose parsed url   href: '~0.9.1' }
41 verbose addNamed [ 'consolidate', '~0.9.1' ]
42 verbose addNamed [ null, '>=0.9.1- <0.10.0-' ]
43 silly lockFile a6f47c27-convict-0-2-3 convict@~0.2.3
44 verbose lock convict@~0.2.3 /Users/christopheresplin/.npm/a6f47c27-convict-0-2-3.lock
45 silly lockFile f12e2dbe-com-deltaepsilon-quiver-auth-git git://github.com/deltaepsilon/quiver-auth.git
46 verbose lock git://github.com/deltaepsilon/quiver-auth.git /Users/christopheresplin/.npm/f12e2dbe-com-deltaepsilon-quiver-auth-git.lock
47 silly lockFile f29bff6b-colors-0-6-0-1 colors@~0.6.0-1
48 verbose lock colors@~0.6.0-1 /Users/christopheresplin/.npm/f29bff6b-colors-0-6-0-1.lock
49 silly lockFile 0ff40d5d-b-com-deltaepsilon-quake-sdk-git git://github.com/deltaepsilon/quake-sdk.git
50 verbose lock git://github.com/deltaepsilon/quake-sdk.git /Users/christopheresplin/.npm/0ff40d5d-b-com-deltaepsilon-quake-sdk-git.lock
51 silly lockFile 25e694a9-consolidate-0-9-1 consolidate@~0.9.1
52 verbose lock consolidate@~0.9.1 /Users/christopheresplin/.npm/25e694a9-consolidate-0-9-1.lock
53 silly addNameRange { name: 'convict', range: '>=0.2.3- <0.3.0-', hasData: false }
54 verbose addRemoteGit [ 'git://github.com/deltaepsilon/quiver-auth.git', 'master' ]
55 verbose cache add [ 'grunt-contrib-copy@~0.4.0', null ]
56 verbose cache add name=undefined spec="grunt-contrib-copy@~0.4.0" args=["grunt-contrib-copy@~0.4.0",null]
57 verbose parsed url { protocol: null,
57 verbose parsed url   slashes: null,
57 verbose parsed url   auth: null,
57 verbose parsed url   host: null,
57 verbose parsed url   port: null,
57 verbose parsed url   hostname: null,
57 verbose parsed url   hash: null,
57 verbose parsed url   search: null,
57 verbose parsed url   query: null,
57 verbose parsed url   pathname: 'grunt-contrib-copy@~0.4.0',
57 verbose parsed url   path: 'grunt-contrib-copy@~0.4.0',
57 verbose parsed url   href: 'grunt-contrib-copy@~0.4.0' }
58 verbose cache add name="grunt-contrib-copy" spec="~0.4.0" args=["grunt-contrib-copy","~0.4.0"]
59 verbose parsed url { protocol: null,
59 verbose parsed url   slashes: null,
59 verbose parsed url   auth: null,
59 verbose parsed url   host: null,
59 verbose parsed url   port: null,
59 verbose parsed url   hostname: null,
59 verbose parsed url   hash: null,
59 verbose parsed url   search: null,
59 verbose parsed url   query: null,
59 verbose parsed url   pathname: '~0.4.0',
59 verbose parsed url   path: '~0.4.0',
59 verbose parsed url   href: '~0.4.0' }
60 verbose addNamed [ 'grunt-contrib-copy', '~0.4.0' ]
61 verbose addNamed [ null, '>=0.4.0- <0.5.0-' ]
62 silly lockFile 01f63aba-grunt-contrib-copy-0-4-0 grunt-contrib-copy@~0.4.0
63 verbose lock grunt-contrib-copy@~0.4.0 /Users/christopheresplin/.npm/01f63aba-grunt-contrib-copy-0-4-0.lock
64 verbose cache add [ 'handlebars@~1.0.12', null ]
65 verbose cache add name=undefined spec="handlebars@~1.0.12" args=["handlebars@~1.0.12",null]
66 verbose parsed url { protocol: null,
66 verbose parsed url   slashes: null,
66 verbose parsed url   auth: null,
66 verbose parsed url   host: null,
66 verbose parsed url   port: null,
66 verbose parsed url   hostname: null,
66 verbose parsed url   hash: null,
66 verbose parsed url   search: null,
66 verbose parsed url   query: null,
66 verbose parsed url   pathname: 'handlebars@~1.0.12',
66 verbose parsed url   path: 'handlebars@~1.0.12',
66 verbose parsed url   href: 'handlebars@~1.0.12' }
67 verbose cache add name="handlebars" spec="~1.0.12" args=["handlebars","~1.0.12"]
68 verbose parsed url { protocol: null,
68 verbose parsed url   slashes: null,
68 verbose parsed url   auth: null,
68 verbose parsed url   host: null,
68 verbose parsed url   port: null,
68 verbose parsed url   hostname: null,
68 verbose parsed url   hash: null,
68 verbose parsed url   search: null,
68 verbose parsed url   query: null,
68 verbose parsed url   pathname: '~1.0.12',
68 verbose parsed url   path: '~1.0.12',
68 verbose parsed url   href: '~1.0.12' }
69 verbose addNamed [ 'handlebars', '~1.0.12' ]
70 verbose addNamed [ null, '>=1.0.12- <1.1.0-' ]
71 silly lockFile de76c6ce-handlebars-1-0-12 handlebars@~1.0.12
72 verbose lock handlebars@~1.0.12 /Users/christopheresplin/.npm/de76c6ce-handlebars-1-0-12.lock
73 verbose cache add [ 'grunt-contrib-concat@~0.1.3', null ]
74 verbose cache add name=undefined spec="grunt-contrib-concat@~0.1.3" args=["grunt-contrib-concat@~0.1.3",null]
75 verbose parsed url { protocol: null,
75 verbose parsed url   slashes: null,
75 verbose parsed url   auth: null,
75 verbose parsed url   host: null,
75 verbose parsed url   port: null,
75 verbose parsed url   hostname: null,
75 verbose parsed url   hash: null,
75 verbose parsed url   search: null,
75 verbose parsed url   query: null,
75 verbose parsed url   pathname: 'grunt-contrib-concat@~0.1.3',
75 verbose parsed url   path: 'grunt-contrib-concat@~0.1.3',
75 verbose parsed url   href: 'grunt-contrib-concat@~0.1.3' }
76 verbose cache add name="grunt-contrib-concat" spec="~0.1.3" args=["grunt-contrib-concat","~0.1.3"]
77 verbose parsed url { protocol: null,
77 verbose parsed url   slashes: null,
77 verbose parsed url   auth: null,
77 verbose parsed url   host: null,
77 verbose parsed url   port: null,
77 verbose parsed url   hostname: null,
77 verbose parsed url   hash: null,
77 verbose parsed url   search: null,
77 verbose parsed url   query: null,
77 verbose parsed url   pathname: '~0.1.3',
77 verbose parsed url   path: '~0.1.3',
77 verbose parsed url   href: '~0.1.3' }
78 verbose addNamed [ 'grunt-contrib-concat', '~0.1.3' ]
79 verbose addNamed [ null, '>=0.1.3- <0.2.0-' ]
80 silly lockFile dfacc275-grunt-contrib-concat-0-1-3 grunt-contrib-concat@~0.1.3
81 verbose lock grunt-contrib-concat@~0.1.3 /Users/christopheresplin/.npm/dfacc275-grunt-contrib-concat-0-1-3.lock
82 verbose cache add [ 'grunt@~0.4.1', null ]
83 verbose cache add name=undefined spec="grunt@~0.4.1" args=["grunt@~0.4.1",null]
84 verbose parsed url { protocol: null,
84 verbose parsed url   slashes: null,
84 verbose parsed url   auth: null,
84 verbose parsed url   host: null,
84 verbose parsed url   port: null,
84 verbose parsed url   hostname: null,
84 verbose parsed url   hash: null,
84 verbose parsed url   search: null,
84 verbose parsed url   query: null,
84 verbose parsed url   pathname: 'grunt@~0.4.1',
84 verbose parsed url   path: 'grunt@~0.4.1',
84 verbose parsed url   href: 'grunt@~0.4.1' }
85 verbose cache add name="grunt" spec="~0.4.1" args=["grunt","~0.4.1"]
86 verbose parsed url { protocol: null,
86 verbose parsed url   slashes: null,
86 verbose parsed url   auth: null,
86 verbose parsed url   host: null,
86 verbose parsed url   port: null,
86 verbose parsed url   hostname: null,
86 verbose parsed url   hash: null,
86 verbose parsed url   search: null,
86 verbose parsed url   query: null,
86 verbose parsed url   pathname: '~0.4.1',
86 verbose parsed url   path: '~0.4.1',
86 verbose parsed url   href: '~0.4.1' }
87 verbose addNamed [ 'grunt', '~0.4.1' ]
88 verbose addNamed [ null, '>=0.4.1- <0.5.0-' ]
89 silly lockFile 766a3bd3-grunt-0-4-1 grunt@~0.4.1
90 verbose lock grunt@~0.4.1 /Users/christopheresplin/.npm/766a3bd3-grunt-0-4-1.lock
91 silly addNameRange { name: 'colors', range: '>=0.6.0-1 <0.7.0-', hasData: false }
92 verbose addRemoteGit [ 'git://github.com/deltaepsilon/quake-sdk.git', 'master' ]
93 silly addNameRange { name: 'consolidate',
93 silly addNameRange   range: '>=0.9.1- <0.10.0-',
93 silly addNameRange   hasData: false }
94 silly addNameRange { name: 'grunt-contrib-copy',
94 silly addNameRange   range: '>=0.4.0- <0.5.0-',
94 silly addNameRange   hasData: false }
95 silly addNameRange { name: 'handlebars',
95 silly addNameRange   range: '>=1.0.12- <1.1.0-',
95 silly addNameRange   hasData: false }
96 silly addNameRange { name: 'grunt-contrib-concat',
96 silly addNameRange   range: '>=0.1.3- <0.2.0-',
96 silly addNameRange   hasData: false }
97 verbose cache add [ 'grunt-contrib-coffee@~0.6.4', null ]
98 verbose cache add name=undefined spec="grunt-contrib-coffee@~0.6.4" args=["grunt-contrib-coffee@~0.6.4",null]
99 verbose parsed url { protocol: null,
99 verbose parsed url   slashes: null,
99 verbose parsed url   auth: null,
99 verbose parsed url   host: null,
99 verbose parsed url   port: null,
99 verbose parsed url   hostname: null,
99 verbose parsed url   hash: null,
99 verbose parsed url   search: null,
99 verbose parsed url   query: null,
99 verbose parsed url   pathname: 'grunt-contrib-coffee@~0.6.4',
99 verbose parsed url   path: 'grunt-contrib-coffee@~0.6.4',
99 verbose parsed url   href: 'grunt-contrib-coffee@~0.6.4' }
100 verbose cache add name="grunt-contrib-coffee" spec="~0.6.4" args=["grunt-contrib-coffee","~0.6.4"]
101 verbose parsed url { protocol: null,
101 verbose parsed url   slashes: null,
101 verbose parsed url   auth: null,
101 verbose parsed url   host: null,
101 verbose parsed url   port: null,
101 verbose parsed url   hostname: null,
101 verbose parsed url   hash: null,
101 verbose parsed url   search: null,
101 verbose parsed url   query: null,
101 verbose parsed url   pathname: '~0.6.4',
101 verbose parsed url   path: '~0.6.4',
101 verbose parsed url   href: '~0.6.4' }
102 verbose addNamed [ 'grunt-contrib-coffee', '~0.6.4' ]
103 verbose addNamed [ null, '>=0.6.4- <0.7.0-' ]
104 silly lockFile ff88035e-grunt-contrib-coffee-0-6-4 grunt-contrib-coffee@~0.6.4
105 verbose lock grunt-contrib-coffee@~0.6.4 /Users/christopheresplin/.npm/ff88035e-grunt-contrib-coffee-0-6-4.lock
106 verbose cache add [ 'grunt-contrib-uglify@~0.2.0', null ]
107 verbose cache add name=undefined spec="grunt-contrib-uglify@~0.2.0" args=["grunt-contrib-uglify@~0.2.0",null]
108 verbose parsed url { protocol: null,
108 verbose parsed url   slashes: null,
108 verbose parsed url   auth: null,
108 verbose parsed url   host: null,
108 verbose parsed url   port: null,
108 verbose parsed url   hostname: null,
108 verbose parsed url   hash: null,
108 verbose parsed url   search: null,
108 verbose parsed url   query: null,
108 verbose parsed url   pathname: 'grunt-contrib-uglify@~0.2.0',
108 verbose parsed url   path: 'grunt-contrib-uglify@~0.2.0',
108 verbose parsed url   href: 'grunt-contrib-uglify@~0.2.0' }
109 verbose cache add name="grunt-contrib-uglify" spec="~0.2.0" args=["grunt-contrib-uglify","~0.2.0"]
110 verbose parsed url { protocol: null,
110 verbose parsed url   slashes: null,
110 verbose parsed url   auth: null,
110 verbose parsed url   host: null,
110 verbose parsed url   port: null,
110 verbose parsed url   hostname: null,
110 verbose parsed url   hash: null,
110 verbose parsed url   search: null,
110 verbose parsed url   query: null,
110 verbose parsed url   pathname: '~0.2.0',
110 verbose parsed url   path: '~0.2.0',
110 verbose parsed url   href: '~0.2.0' }
111 verbose addNamed [ 'grunt-contrib-uglify', '~0.2.0' ]
112 verbose addNamed [ null, '>=0.2.0- <0.3.0-' ]
113 silly lockFile 2cc6dac2-grunt-contrib-uglify-0-2-0 grunt-contrib-uglify@~0.2.0
114 verbose lock grunt-contrib-uglify@~0.2.0 /Users/christopheresplin/.npm/2cc6dac2-grunt-contrib-uglify-0-2-0.lock
115 verbose cache add [ 'grunt-contrib-compass@~0.1.3', null ]
116 verbose cache add name=undefined spec="grunt-contrib-compass@~0.1.3" args=["grunt-contrib-compass@~0.1.3",null]
117 verbose parsed url { protocol: null,
117 verbose parsed url   slashes: null,
117 verbose parsed url   auth: null,
117 verbose parsed url   host: null,
117 verbose parsed url   port: null,
117 verbose parsed url   hostname: null,
117 verbose parsed url   hash: null,
117 verbose parsed url   search: null,
117 verbose parsed url   query: null,
117 verbose parsed url   pathname: 'grunt-contrib-compass@~0.1.3',
117 verbose parsed url   path: 'grunt-contrib-compass@~0.1.3',
117 verbose parsed url   href: 'grunt-contrib-compass@~0.1.3' }
118 verbose cache add name="grunt-contrib-compass" spec="~0.1.3" args=["grunt-contrib-compass","~0.1.3"]
119 verbose parsed url { protocol: null,
119 verbose parsed url   slashes: null,
119 verbose parsed url   auth: null,
119 verbose parsed url   host: null,
119 verbose parsed url   port: null,
119 verbose parsed url   hostname: null,
119 verbose parsed url   hash: null,
119 verbose parsed url   search: null,
119 verbose parsed url   query: null,
119 verbose parsed url   pathname: '~0.1.3',
119 verbose parsed url   path: '~0.1.3',
119 verbose parsed url   href: '~0.1.3' }
120 verbose addNamed [ 'grunt-contrib-compass', '~0.1.3' ]
121 verbose addNamed [ null, '>=0.1.3- <0.2.0-' ]
122 silly lockFile 36c63251-grunt-contrib-compass-0-1-3 grunt-contrib-compass@~0.1.3
123 verbose lock grunt-contrib-compass@~0.1.3 /Users/christopheresplin/.npm/36c63251-grunt-contrib-compass-0-1-3.lock
124 verbose cache add [ 'grunt-contrib-jshint@~0.3.0', null ]
125 verbose cache add name=undefined spec="grunt-contrib-jshint@~0.3.0" args=["grunt-contrib-jshint@~0.3.0",null]
126 verbose parsed url { protocol: null,
126 verbose parsed url   slashes: null,
126 verbose parsed url   auth: null,
126 verbose parsed url   host: null,
126 verbose parsed url   port: null,
126 verbose parsed url   hostname: null,
126 verbose parsed url   hash: null,
126 verbose parsed url   search: null,
126 verbose parsed url   query: null,
126 verbose parsed url   pathname: 'grunt-contrib-jshint@~0.3.0',
126 verbose parsed url   path: 'grunt-contrib-jshint@~0.3.0',
126 verbose parsed url   href: 'grunt-contrib-jshint@~0.3.0' }
127 verbose cache add name="grunt-contrib-jshint" spec="~0.3.0" args=["grunt-contrib-jshint","~0.3.0"]
128 verbose parsed url { protocol: null,
128 verbose parsed url   slashes: null,
128 verbose parsed url   auth: null,
128 verbose parsed url   host: null,
128 verbose parsed url   port: null,
128 verbose parsed url   hostname: null,
128 verbose parsed url   hash: null,
128 verbose parsed url   search: null,
128 verbose parsed url   query: null,
128 verbose parsed url   pathname: '~0.3.0',
128 verbose parsed url   path: '~0.3.0',
128 verbose parsed url   href: '~0.3.0' }
129 verbose addNamed [ 'grunt-contrib-jshint', '~0.3.0' ]
130 verbose addNamed [ null, '>=0.3.0- <0.4.0-' ]
131 silly lockFile 7e4447a2-grunt-contrib-jshint-0-3-0 grunt-contrib-jshint@~0.3.0
132 verbose lock grunt-contrib-jshint@~0.3.0 /Users/christopheresplin/.npm/7e4447a2-grunt-contrib-jshint-0-3-0.lock
133 verbose cache add [ 'grunt-contrib-cssmin@~0.5.0', null ]
134 verbose cache add name=undefined spec="grunt-contrib-cssmin@~0.5.0" args=["grunt-contrib-cssmin@~0.5.0",null]
135 verbose parsed url { protocol: null,
135 verbose parsed url   slashes: null,
135 verbose parsed url   auth: null,
135 verbose parsed url   host: null,
135 verbose parsed url   port: null,
135 verbose parsed url   hostname: null,
135 verbose parsed url   hash: null,
135 verbose parsed url   search: null,
135 verbose parsed url   query: null,
135 verbose parsed url   pathname: 'grunt-contrib-cssmin@~0.5.0',
135 verbose parsed url   path: 'grunt-contrib-cssmin@~0.5.0',
135 verbose parsed url   href: 'grunt-contrib-cssmin@~0.5.0' }
136 verbose cache add name="grunt-contrib-cssmin" spec="~0.5.0" args=["grunt-contrib-cssmin","~0.5.0"]
137 verbose parsed url { protocol: null,
137 verbose parsed url   slashes: null,
137 verbose parsed url   auth: null,
137 verbose parsed url   host: null,
137 verbose parsed url   port: null,
137 verbose parsed url   hostname: null,
137 verbose parsed url   hash: null,
137 verbose parsed url   search: null,
137 verbose parsed url   query: null,
137 verbose parsed url   pathname: '~0.5.0',
137 verbose parsed url   path: '~0.5.0',
137 verbose parsed url   href: '~0.5.0' }
138 verbose addNamed [ 'grunt-contrib-cssmin', '~0.5.0' ]
139 verbose addNamed [ null, '>=0.5.0- <0.6.0-' ]
140 silly lockFile e519ec4c-grunt-contrib-cssmin-0-5-0 grunt-contrib-cssmin@~0.5.0
141 verbose lock grunt-contrib-cssmin@~0.5.0 /Users/christopheresplin/.npm/e519ec4c-grunt-contrib-cssmin-0-5-0.lock
142 verbose cache add [ 'grunt-contrib-connect@~0.2.0', null ]
143 verbose cache add name=undefined spec="grunt-contrib-connect@~0.2.0" args=["grunt-contrib-connect@~0.2.0",null]
144 verbose parsed url { protocol: null,
144 verbose parsed url   slashes: null,
144 verbose parsed url   auth: null,
144 verbose parsed url   host: null,
144 verbose parsed url   port: null,
144 verbose parsed url   hostname: null,
144 verbose parsed url   hash: null,
144 verbose parsed url   search: null,
144 verbose parsed url   query: null,
144 verbose parsed url   pathname: 'grunt-contrib-connect@~0.2.0',
144 verbose parsed url   path: 'grunt-contrib-connect@~0.2.0',
144 verbose parsed url   href: 'grunt-contrib-connect@~0.2.0' }
145 verbose cache add name="grunt-contrib-connect" spec="~0.2.0" args=["grunt-contrib-connect","~0.2.0"]
146 verbose parsed url { protocol: null,
146 verbose parsed url   slashes: null,
146 verbose parsed url   auth: null,
146 verbose parsed url   host: null,
146 verbose parsed url   port: null,
146 verbose parsed url   hostname: null,
146 verbose parsed url   hash: null,
146 verbose parsed url   search: null,
146 verbose parsed url   query: null,
146 verbose parsed url   pathname: '~0.2.0',
146 verbose parsed url   path: '~0.2.0',
146 verbose parsed url   href: '~0.2.0' }
147 verbose addNamed [ 'grunt-contrib-connect', '~0.2.0' ]
148 verbose addNamed [ null, '>=0.2.0- <0.3.0-' ]
149 silly lockFile 37225af9-grunt-contrib-connect-0-2-0 grunt-contrib-connect@~0.2.0
150 verbose lock grunt-contrib-connect@~0.2.0 /Users/christopheresplin/.npm/37225af9-grunt-contrib-connect-0-2-0.lock
151 silly addNameRange { name: 'grunt', range: '>=0.4.1- <0.5.0-', hasData: false }
152 silly addNameRange { name: 'grunt-contrib-coffee',
152 silly addNameRange   range: '>=0.6.4- <0.7.0-',
152 silly addNameRange   hasData: false }
153 silly addNameRange { name: 'grunt-contrib-uglify',
153 silly addNameRange   range: '>=0.2.0- <0.3.0-',
153 silly addNameRange   hasData: false }
154 silly addNameRange { name: 'grunt-contrib-compass',
154 silly addNameRange   range: '>=0.1.3- <0.2.0-',
154 silly addNameRange   hasData: false }
155 silly addNameRange { name: 'grunt-contrib-jshint',
155 silly addNameRange   range: '>=0.3.0- <0.4.0-',
155 silly addNameRange   hasData: false }
156 silly addNameRange { name: 'grunt-contrib-cssmin',
156 silly addNameRange   range: '>=0.5.0- <0.6.0-',
156 silly addNameRange   hasData: false }
157 verbose cache add [ 'grunt-contrib-clean@~0.4.0', null ]
158 verbose cache add name=undefined spec="grunt-contrib-clean@~0.4.0" args=["grunt-contrib-clean@~0.4.0",null]
159 verbose parsed url { protocol: null,
159 verbose parsed url   slashes: null,
159 verbose parsed url   auth: null,
159 verbose parsed url   host: null,
159 verbose parsed url   port: null,
159 verbose parsed url   hostname: null,
159 verbose parsed url   hash: null,
159 verbose parsed url   search: null,
159 verbose parsed url   query: null,
159 verbose parsed url   pathname: 'grunt-contrib-clean@~0.4.0',
159 verbose parsed url   path: 'grunt-contrib-clean@~0.4.0',
159 verbose parsed url   href: 'grunt-contrib-clean@~0.4.0' }
160 verbose cache add name="grunt-contrib-clean" spec="~0.4.0" args=["grunt-contrib-clean","~0.4.0"]
161 verbose parsed url { protocol: null,
161 verbose parsed url   slashes: null,
161 verbose parsed url   auth: null,
161 verbose parsed url   host: null,
161 verbose parsed url   port: null,
161 verbose parsed url   hostname: null,
161 verbose parsed url   hash: null,
161 verbose parsed url   search: null,
161 verbose parsed url   query: null,
161 verbose parsed url   pathname: '~0.4.0',
161 verbose parsed url   path: '~0.4.0',
161 verbose parsed url   href: '~0.4.0' }
162 verbose addNamed [ 'grunt-contrib-clean', '~0.4.0' ]
163 verbose addNamed [ null, '>=0.4.0- <0.5.0-' ]
164 silly lockFile 9d1c9db7-grunt-contrib-clean-0-4-0 grunt-contrib-clean@~0.4.0
165 verbose lock grunt-contrib-clean@~0.4.0 /Users/christopheresplin/.npm/9d1c9db7-grunt-contrib-clean-0-4-0.lock
166 verbose cache add [ 'grunt-contrib-htmlmin@~0.1.1', null ]
167 verbose cache add name=undefined spec="grunt-contrib-htmlmin@~0.1.1" args=["grunt-contrib-htmlmin@~0.1.1",null]
168 verbose parsed url { protocol: null,
168 verbose parsed url   slashes: null,
168 verbose parsed url   auth: null,
168 verbose parsed url   host: null,
168 verbose parsed url   port: null,
168 verbose parsed url   hostname: null,
168 verbose parsed url   hash: null,
168 verbose parsed url   search: null,
168 verbose parsed url   query: null,
168 verbose parsed url   pathname: 'grunt-contrib-htmlmin@~0.1.1',
168 verbose parsed url   path: 'grunt-contrib-htmlmin@~0.1.1',
168 verbose parsed url   href: 'grunt-contrib-htmlmin@~0.1.1' }
169 verbose cache add name="grunt-contrib-htmlmin" spec="~0.1.1" args=["grunt-contrib-htmlmin","~0.1.1"]
170 verbose parsed url { protocol: null,
170 verbose parsed url   slashes: null,
170 verbose parsed url   auth: null,
170 verbose parsed url   host: null,
170 verbose parsed url   port: null,
170 verbose parsed url   hostname: null,
170 verbose parsed url   hash: null,
170 verbose parsed url   search: null,
170 verbose parsed url   query: null,
170 verbose parsed url   pathname: '~0.1.1',
170 verbose parsed url   path: '~0.1.1',
170 verbose parsed url   href: '~0.1.1' }
171 verbose addNamed [ 'grunt-contrib-htmlmin', '~0.1.1' ]
172 verbose addNamed [ null, '>=0.1.1- <0.2.0-' ]
173 silly lockFile d64d25b6-grunt-contrib-htmlmin-0-1-1 grunt-contrib-htmlmin@~0.1.1
174 verbose lock grunt-contrib-htmlmin@~0.1.1 /Users/christopheresplin/.npm/d64d25b6-grunt-contrib-htmlmin-0-1-1.lock
175 verbose cache add [ 'grunt-contrib-imagemin@~0.1.2', null ]
176 verbose cache add name=undefined spec="grunt-contrib-imagemin@~0.1.2" args=["grunt-contrib-imagemin@~0.1.2",null]
177 verbose parsed url { protocol: null,
177 verbose parsed url   slashes: null,
177 verbose parsed url   auth: null,
177 verbose parsed url   host: null,
177 verbose parsed url   port: null,
177 verbose parsed url   hostname: null,
177 verbose parsed url   hash: null,
177 verbose parsed url   search: null,
177 verbose parsed url   query: null,
177 verbose parsed url   pathname: 'grunt-contrib-imagemin@~0.1.2',
177 verbose parsed url   path: 'grunt-contrib-imagemin@~0.1.2',
177 verbose parsed url   href: 'grunt-contrib-imagemin@~0.1.2' }
178 verbose cache add name="grunt-contrib-imagemin" spec="~0.1.2" args=["grunt-contrib-imagemin","~0.1.2"]
179 verbose parsed url { protocol: null,
179 verbose parsed url   slashes: null,
179 verbose parsed url   auth: null,
179 verbose parsed url   host: null,
179 verbose parsed url   port: null,
179 verbose parsed url   hostname: null,
179 verbose parsed url   hash: null,
179 verbose parsed url   search: null,
179 verbose parsed url   query: null,
179 verbose parsed url   pathname: '~0.1.2',
179 verbose parsed url   path: '~0.1.2',
179 verbose parsed url   href: '~0.1.2' }
180 verbose addNamed [ 'grunt-contrib-imagemin', '~0.1.2' ]
181 verbose addNamed [ null, '>=0.1.2- <0.2.0-' ]
182 silly lockFile 47c253e8-grunt-contrib-imagemin-0-1-2 grunt-contrib-imagemin@~0.1.2
183 verbose lock grunt-contrib-imagemin@~0.1.2 /Users/christopheresplin/.npm/47c253e8-grunt-contrib-imagemin-0-1-2.lock
184 verbose cache add [ 'grunt-contrib-livereload@~0.1.2', null ]
185 verbose cache add name=undefined spec="grunt-contrib-livereload@~0.1.2" args=["grunt-contrib-livereload@~0.1.2",null]
186 verbose parsed url { protocol: null,
186 verbose parsed url   slashes: null,
186 verbose parsed url   auth: null,
186 verbose parsed url   host: null,
186 verbose parsed url   port: null,
186 verbose parsed url   hostname: null,
186 verbose parsed url   hash: null,
186 verbose parsed url   search: null,
186 verbose parsed url   query: null,
186 verbose parsed url   pathname: 'grunt-contrib-livereload@~0.1.2',
186 verbose parsed url   path: 'grunt-contrib-livereload@~0.1.2',
186 verbose parsed url   href: 'grunt-contrib-livereload@~0.1.2' }
187 verbose cache add name="grunt-contrib-livereload" spec="~0.1.2" args=["grunt-contrib-livereload","~0.1.2"]
188 verbose parsed url { protocol: null,
188 verbose parsed url   slashes: null,
188 verbose parsed url   auth: null,
188 verbose parsed url   host: null,
188 verbose parsed url   port: null,
188 verbose parsed url   hostname: null,
188 verbose parsed url   hash: null,
188 verbose parsed url   search: null,
188 verbose parsed url   query: null,
188 verbose parsed url   pathname: '~0.1.2',
188 verbose parsed url   path: '~0.1.2',
188 verbose parsed url   href: '~0.1.2' }
189 verbose addNamed [ 'grunt-contrib-livereload', '~0.1.2' ]
190 verbose addNamed [ null, '>=0.1.2- <0.2.0-' ]
191 silly lockFile c09edbea-grunt-contrib-livereload-0-1-2 grunt-contrib-livereload@~0.1.2
192 verbose lock grunt-contrib-livereload@~0.1.2 /Users/christopheresplin/.npm/c09edbea-grunt-contrib-livereload-0-1-2.lock
193 verbose cache add [ 'grunt-bower-requirejs@~0.4.1', null ]
194 verbose cache add name=undefined spec="grunt-bower-requirejs@~0.4.1" args=["grunt-bower-requirejs@~0.4.1",null]
195 verbose parsed url { protocol: null,
195 verbose parsed url   slashes: null,
195 verbose parsed url   auth: null,
195 verbose parsed url   host: null,
195 verbose parsed url   port: null,
195 verbose parsed url   hostname: null,
195 verbose parsed url   hash: null,
195 verbose parsed url   search: null,
195 verbose parsed url   query: null,
195 verbose parsed url   pathname: 'grunt-bower-requirejs@~0.4.1',
195 verbose parsed url   path: 'grunt-bower-requirejs@~0.4.1',
195 verbose parsed url   href: 'grunt-bower-requirejs@~0.4.1' }
196 verbose cache add name="grunt-bower-requirejs" spec="~0.4.1" args=["grunt-bower-requirejs","~0.4.1"]
197 verbose parsed url { protocol: null,
197 verbose parsed url   slashes: null,
197 verbose parsed url   auth: null,
197 verbose parsed url   host: null,
197 verbose parsed url   port: null,
197 verbose parsed url   hostname: null,
197 verbose parsed url   hash: null,
197 verbose parsed url   search: null,
197 verbose parsed url   query: null,
197 verbose parsed url   pathname: '~0.4.1',
197 verbose parsed url   path: '~0.4.1',
197 verbose parsed url   href: '~0.4.1' }
198 verbose addNamed [ 'grunt-bower-requirejs', '~0.4.1' ]
199 verbose addNamed [ null, '>=0.4.1- <0.5.0-' ]
200 silly lockFile 3cce47c9-grunt-bower-requirejs-0-4-1 grunt-bower-requirejs@~0.4.1
201 verbose lock grunt-bower-requirejs@~0.4.1 /Users/christopheresplin/.npm/3cce47c9-grunt-bower-requirejs-0-4-1.lock
202 verbose cache add [ 'grunt-usemin@~0.1.10', null ]
203 verbose cache add name=undefined spec="grunt-usemin@~0.1.10" args=["grunt-usemin@~0.1.10",null]
204 verbose parsed url { protocol: null,
204 verbose parsed url   slashes: null,
204 verbose parsed url   auth: null,
204 verbose parsed url   host: null,
204 verbose parsed url   port: null,
204 verbose parsed url   hostname: null,
204 verbose parsed url   hash: null,
204 verbose parsed url   search: null,
204 verbose parsed url   query: null,
204 verbose parsed url   pathname: 'grunt-usemin@~0.1.10',
204 verbose parsed url   path: 'grunt-usemin@~0.1.10',
204 verbose parsed url   href: 'grunt-usemin@~0.1.10' }
205 verbose cache add name="grunt-usemin" spec="~0.1.10" args=["grunt-usemin","~0.1.10"]
206 verbose parsed url { protocol: null,
206 verbose parsed url   slashes: null,
206 verbose parsed url   auth: null,
206 verbose parsed url   host: null,
206 verbose parsed url   port: null,
206 verbose parsed url   hostname: null,
206 verbose parsed url   hash: null,
206 verbose parsed url   search: null,
206 verbose parsed url   query: null,
206 verbose parsed url   pathname: '~0.1.10',
206 verbose parsed url   path: '~0.1.10',
206 verbose parsed url   href: '~0.1.10' }
207 verbose addNamed [ 'grunt-usemin', '~0.1.10' ]
208 verbose addNamed [ null, '>=0.1.10- <0.2.0-' ]
209 silly lockFile 9870b616-grunt-usemin-0-1-10 grunt-usemin@~0.1.10
210 verbose lock grunt-usemin@~0.1.10 /Users/christopheresplin/.npm/9870b616-grunt-usemin-0-1-10.lock
211 verbose cache add [ 'grunt-regarde@~0.1.1', null ]
212 verbose cache add name=undefined spec="grunt-regarde@~0.1.1" args=["grunt-regarde@~0.1.1",null]
213 verbose parsed url { protocol: null,
213 verbose parsed url   slashes: null,
213 verbose parsed url   auth: null,
213 verbose parsed url   host: null,
213 verbose parsed url   port: null,
213 verbose parsed url   hostname: null,
213 verbose parsed url   hash: null,
213 verbose parsed url   search: null,
213 verbose parsed url   query: null,
213 verbose parsed url   pathname: 'grunt-regarde@~0.1.1',
213 verbose parsed url   path: 'grunt-regarde@~0.1.1',
213 verbose parsed url   href: 'grunt-regarde@~0.1.1' }
214 verbose cache add name="grunt-regarde" spec="~0.1.1" args=["grunt-regarde","~0.1.1"]
215 verbose parsed url { protocol: null,
215 verbose parsed url   slashes: null,
215 verbose parsed url   auth: null,
215 verbose parsed url   host: null,
215 verbose parsed url   port: null,
215 verbose parsed url   hostname: null,
215 verbose parsed url   hash: null,
215 verbose parsed url   search: null,
215 verbose parsed url   query: null,
215 verbose parsed url   pathname: '~0.1.1',
215 verbose parsed url   path: '~0.1.1',
215 verbose parsed url   href: '~0.1.1' }
216 verbose addNamed [ 'grunt-regarde', '~0.1.1' ]
217 verbose addNamed [ null, '>=0.1.1- <0.2.0-' ]
218 silly lockFile f5c7f2d9-grunt-regarde-0-1-1 grunt-regarde@~0.1.1
219 verbose lock grunt-regarde@~0.1.1 /Users/christopheresplin/.npm/f5c7f2d9-grunt-regarde-0-1-1.lock
220 verbose cache add [ 'grunt-rev@~0.1.0', null ]
221 verbose cache add name=undefined spec="grunt-rev@~0.1.0" args=["grunt-rev@~0.1.0",null]
222 verbose parsed url { protocol: null,
222 verbose parsed url   slashes: null,
222 verbose parsed url   auth: null,
222 verbose parsed url   host: null,
222 verbose parsed url   port: null,
222 verbose parsed url   hostname: null,
222 verbose parsed url   hash: null,
222 verbose parsed url   search: null,
222 verbose parsed url   query: null,
222 verbose parsed url   pathname: 'grunt-rev@~0.1.0',
222 verbose parsed url   path: 'grunt-rev@~0.1.0',
222 verbose parsed url   href: 'grunt-rev@~0.1.0' }
223 verbose cache add name="grunt-rev" spec="~0.1.0" args=["grunt-rev","~0.1.0"]
224 verbose parsed url { protocol: null,
224 verbose parsed url   slashes: null,
224 verbose parsed url   auth: null,
224 verbose parsed url   host: null,
224 verbose parsed url   port: null,
224 verbose parsed url   hostname: null,
224 verbose parsed url   hash: null,
224 verbose parsed url   search: null,
224 verbose parsed url   query: null,
224 verbose parsed url   pathname: '~0.1.0',
224 verbose parsed url   path: '~0.1.0',
224 verbose parsed url   href: '~0.1.0' }
225 verbose addNamed [ 'grunt-rev', '~0.1.0' ]
226 verbose addNamed [ null, '>=0.1.0- <0.2.0-' ]
227 silly lockFile a3a49760-grunt-rev-0-1-0 grunt-rev@~0.1.0
228 verbose lock grunt-rev@~0.1.0 /Users/christopheresplin/.npm/a3a49760-grunt-rev-0-1-0.lock
229 silly addNameRange { name: 'grunt-contrib-connect',
229 silly addNameRange   range: '>=0.2.0- <0.3.0-',
229 silly addNameRange   hasData: false }
230 silly addNameRange { name: 'grunt-contrib-clean',
230 silly addNameRange   range: '>=0.4.0- <0.5.0-',
230 silly addNameRange   hasData: false }
231 silly addNameRange { name: 'grunt-contrib-htmlmin',
231 silly addNameRange   range: '>=0.1.1- <0.2.0-',
231 silly addNameRange   hasData: false }
232 silly addNameRange { name: 'grunt-contrib-imagemin',
232 silly addNameRange   range: '>=0.1.2- <0.2.0-',
232 silly addNameRange   hasData: false }
233 silly addNameRange { name: 'grunt-contrib-livereload',
233 silly addNameRange   range: '>=0.1.2- <0.2.0-',
233 silly addNameRange   hasData: false }
234 silly addNameRange { name: 'grunt-bower-requirejs',
234 silly addNameRange   range: '>=0.4.1- <0.5.0-',
234 silly addNameRange   hasData: false }
235 silly addNameRange { name: 'grunt-usemin',
235 silly addNameRange   range: '>=0.1.10- <0.2.0-',
235 silly addNameRange   hasData: false }
236 silly addNameRange { name: 'grunt-regarde',
236 silly addNameRange   range: '>=0.1.1- <0.2.0-',
236 silly addNameRange   hasData: false }
237 verbose cache add [ 'grunt-karma@~0.3.0', null ]
238 verbose cache add name=undefined spec="grunt-karma@~0.3.0" args=["grunt-karma@~0.3.0",null]
239 verbose parsed url { protocol: null,
239 verbose parsed url   slashes: null,
239 verbose parsed url   auth: null,
239 verbose parsed url   host: null,
239 verbose parsed url   port: null,
239 verbose parsed url   hostname: null,
239 verbose parsed url   hash: null,
239 verbose parsed url   search: null,
239 verbose parsed url   query: null,
239 verbose parsed url   pathname: 'grunt-karma@~0.3.0',
239 verbose parsed url   path: 'grunt-karma@~0.3.0',
239 verbose parsed url   href: 'grunt-karma@~0.3.0' }
240 verbose cache add name="grunt-karma" spec="~0.3.0" args=["grunt-karma","~0.3.0"]
241 verbose parsed url { protocol: null,
241 verbose parsed url   slashes: null,
241 verbose parsed url   auth: null,
241 verbose parsed url   host: null,
241 verbose parsed url   port: null,
241 verbose parsed url   hostname: null,
241 verbose parsed url   hash: null,
241 verbose parsed url   search: null,
241 verbose parsed url   query: null,
241 verbose parsed url   pathname: '~0.3.0',
241 verbose parsed url   path: '~0.3.0',
241 verbose parsed url   href: '~0.3.0' }
242 verbose addNamed [ 'grunt-karma', '~0.3.0' ]
243 verbose addNamed [ null, '>=0.3.0- <0.4.0-' ]
244 silly lockFile 3be91f66-grunt-karma-0-3-0 grunt-karma@~0.3.0
245 verbose lock grunt-karma@~0.3.0 /Users/christopheresplin/.npm/3be91f66-grunt-karma-0-3-0.lock
246 verbose cache add [ 'grunt-open@~0.2.0', null ]
247 verbose cache add name=undefined spec="grunt-open@~0.2.0" args=["grunt-open@~0.2.0",null]
248 verbose parsed url { protocol: null,
248 verbose parsed url   slashes: null,
248 verbose parsed url   auth: null,
248 verbose parsed url   host: null,
248 verbose parsed url   port: null,
248 verbose parsed url   hostname: null,
248 verbose parsed url   hash: null,
248 verbose parsed url   search: null,
248 verbose parsed url   query: null,
248 verbose parsed url   pathname: 'grunt-open@~0.2.0',
248 verbose parsed url   path: 'grunt-open@~0.2.0',
248 verbose parsed url   href: 'grunt-open@~0.2.0' }
249 verbose cache add name="grunt-open" spec="~0.2.0" args=["grunt-open","~0.2.0"]
250 verbose parsed url { protocol: null,
250 verbose parsed url   slashes: null,
250 verbose parsed url   auth: null,
250 verbose parsed url   host: null,
250 verbose parsed url   port: null,
250 verbose parsed url   hostname: null,
250 verbose parsed url   hash: null,
250 verbose parsed url   search: null,
250 verbose parsed url   query: null,
250 verbose parsed url   pathname: '~0.2.0',
250 verbose parsed url   path: '~0.2.0',
250 verbose parsed url   href: '~0.2.0' }
251 verbose addNamed [ 'grunt-open', '~0.2.0' ]
252 verbose addNamed [ null, '>=0.2.0- <0.3.0-' ]
253 silly lockFile a449c8be-grunt-open-0-2-0 grunt-open@~0.2.0
254 verbose lock grunt-open@~0.2.0 /Users/christopheresplin/.npm/a449c8be-grunt-open-0-2-0.lock
255 verbose cache add [ 'matchdep@~0.1.1', null ]
256 verbose cache add name=undefined spec="matchdep@~0.1.1" args=["matchdep@~0.1.1",null]
257 verbose parsed url { protocol: null,
257 verbose parsed url   slashes: null,
257 verbose parsed url   auth: null,
257 verbose parsed url   host: null,
257 verbose parsed url   port: null,
257 verbose parsed url   hostname: null,
257 verbose parsed url   hash: null,
257 verbose parsed url   search: null,
257 verbose parsed url   query: null,
257 verbose parsed url   pathname: 'matchdep@~0.1.1',
257 verbose parsed url   path: 'matchdep@~0.1.1',
257 verbose parsed url   href: 'matchdep@~0.1.1' }
258 verbose cache add name="matchdep" spec="~0.1.1" args=["matchdep","~0.1.1"]
259 verbose parsed url { protocol: null,
259 verbose parsed url   slashes: null,
259 verbose parsed url   auth: null,
259 verbose parsed url   host: null,
259 verbose parsed url   port: null,
259 verbose parsed url   hostname: null,
259 verbose parsed url   hash: null,
259 verbose parsed url   search: null,
259 verbose parsed url   query: null,
259 verbose parsed url   pathname: '~0.1.1',
259 verbose parsed url   path: '~0.1.1',
259 verbose parsed url   href: '~0.1.1' }
260 verbose addNamed [ 'matchdep', '~0.1.1' ]
261 verbose addNamed [ null, '>=0.1.1- <0.2.0-' ]
262 silly lockFile 5c68bc92-matchdep-0-1-1 matchdep@~0.1.1
263 verbose lock matchdep@~0.1.1 /Users/christopheresplin/.npm/5c68bc92-matchdep-0-1-1.lock
264 verbose cache add [ 'grunt-google-cdn@~0.1.1', null ]
265 verbose cache add name=undefined spec="grunt-google-cdn@~0.1.1" args=["grunt-google-cdn@~0.1.1",null]
266 verbose parsed url { protocol: null,
266 verbose parsed url   slashes: null,
266 verbose parsed url   auth: null,
266 verbose parsed url   host: null,
266 verbose parsed url   port: null,
266 verbose parsed url   hostname: null,
266 verbose parsed url   hash: null,
266 verbose parsed url   search: null,
266 verbose parsed url   query: null,
266 verbose parsed url   pathname: 'grunt-google-cdn@~0.1.1',
266 verbose parsed url   path: 'grunt-google-cdn@~0.1.1',
266 verbose parsed url   href: 'grunt-google-cdn@~0.1.1' }
267 verbose cache add name="grunt-google-cdn" spec="~0.1.1" args=["grunt-google-cdn","~0.1.1"]
268 verbose parsed url { protocol: null,
268 verbose parsed url   slashes: null,
268 verbose parsed url   auth: null,
268 verbose parsed url   host: null,
268 verbose parsed url   port: null,
268 verbose parsed url   hostname: null,
268 verbose parsed url   hash: null,
268 verbose parsed url   search: null,
268 verbose parsed url   query: null,
268 verbose parsed url   pathname: '~0.1.1',
268 verbose parsed url   path: '~0.1.1',
268 verbose parsed url   href: '~0.1.1' }
269 verbose addNamed [ 'grunt-google-cdn', '~0.1.1' ]
270 verbose addNamed [ null, '>=0.1.1- <0.2.0-' ]
271 silly lockFile 1821e4b1-grunt-google-cdn-0-1-1 grunt-google-cdn@~0.1.1
272 verbose lock grunt-google-cdn@~0.1.1 /Users/christopheresplin/.npm/1821e4b1-grunt-google-cdn-0-1-1.lock
273 verbose cache add [ 'grunt-ngmin@~0.0.2', null ]
274 verbose cache add name=undefined spec="grunt-ngmin@~0.0.2" args=["grunt-ngmin@~0.0.2",null]
275 verbose parsed url { protocol: null,
275 verbose parsed url   slashes: null,
275 verbose parsed url   auth: null,
275 verbose parsed url   host: null,
275 verbose parsed url   port: null,
275 verbose parsed url   hostname: null,
275 verbose parsed url   hash: null,
275 verbose parsed url   search: null,
275 verbose parsed url   query: null,
275 verbose parsed url   pathname: 'grunt-ngmin@~0.0.2',
275 verbose parsed url   path: 'grunt-ngmin@~0.0.2',
275 verbose parsed url   href: 'grunt-ngmin@~0.0.2' }
276 verbose cache add name="grunt-ngmin" spec="~0.0.2" args=["grunt-ngmin","~0.0.2"]
277 verbose parsed url { protocol: null,
277 verbose parsed url   slashes: null,
277 verbose parsed url   auth: null,
277 verbose parsed url   host: null,
277 verbose parsed url   port: null,
277 verbose parsed url   hostname: null,
277 verbose parsed url   hash: null,
277 verbose parsed url   search: null,
277 verbose parsed url   query: null,
277 verbose parsed url   pathname: '~0.0.2',
277 verbose parsed url   path: '~0.0.2',
277 verbose parsed url   href: '~0.0.2' }
278 verbose addNamed [ 'grunt-ngmin', '~0.0.2' ]
279 verbose addNamed [ null, '>=0.0.2- <0.1.0-' ]
280 silly lockFile 07f9ec83-grunt-ngmin-0-0-2 grunt-ngmin@~0.0.2
281 verbose lock grunt-ngmin@~0.0.2 /Users/christopheresplin/.npm/07f9ec83-grunt-ngmin-0-0-2.lock
282 verbose cache add [ 'nodeunit@~0.8.0', null ]
283 verbose cache add name=undefined spec="nodeunit@~0.8.0" args=["nodeunit@~0.8.0",null]
284 verbose parsed url { protocol: null,
284 verbose parsed url   slashes: null,
284 verbose parsed url   auth: null,
284 verbose parsed url   host: null,
284 verbose parsed url   port: null,
284 verbose parsed url   hostname: null,
284 verbose parsed url   hash: null,
284 verbose parsed url   search: null,
284 verbose parsed url   query: null,
284 verbose parsed url   pathname: 'nodeunit@~0.8.0',
284 verbose parsed url   path: 'nodeunit@~0.8.0',
284 verbose parsed url   href: 'nodeunit@~0.8.0' }
285 verbose cache add name="nodeunit" spec="~0.8.0" args=["nodeunit","~0.8.0"]
286 verbose parsed url { protocol: null,
286 verbose parsed url   slashes: null,
286 verbose parsed url   auth: null,
286 verbose parsed url   host: null,
286 verbose parsed url   port: null,
286 verbose parsed url   hostname: null,
286 verbose parsed url   hash: null,
286 verbose parsed url   search: null,
286 verbose parsed url   query: null,
286 verbose parsed url   pathname: '~0.8.0',
286 verbose parsed url   path: '~0.8.0',
286 verbose parsed url   href: '~0.8.0' }
287 verbose addNamed [ 'nodeunit', '~0.8.0' ]
288 verbose addNamed [ null, '>=0.8.0- <0.9.0-' ]
289 silly lockFile d220e1f3-nodeunit-0-8-0 nodeunit@~0.8.0
290 verbose lock nodeunit@~0.8.0 /Users/christopheresplin/.npm/d220e1f3-nodeunit-0-8-0.lock
291 verbose cache add [ 'grunt-contrib-nodeunit@~0.2.0', null ]
292 verbose cache add name=undefined spec="grunt-contrib-nodeunit@~0.2.0" args=["grunt-contrib-nodeunit@~0.2.0",null]
293 verbose parsed url { protocol: null,
293 verbose parsed url   slashes: null,
293 verbose parsed url   auth: null,
293 verbose parsed url   host: null,
293 verbose parsed url   port: null,
293 verbose parsed url   hostname: null,
293 verbose parsed url   hash: null,
293 verbose parsed url   search: null,
293 verbose parsed url   query: null,
293 verbose parsed url   pathname: 'grunt-contrib-nodeunit@~0.2.0',
293 verbose parsed url   path: 'grunt-contrib-nodeunit@~0.2.0',
293 verbose parsed url   href: 'grunt-contrib-nodeunit@~0.2.0' }
294 verbose cache add name="grunt-contrib-nodeunit" spec="~0.2.0" args=["grunt-contrib-nodeunit","~0.2.0"]
295 verbose parsed url { protocol: null,
295 verbose parsed url   slashes: null,
295 verbose parsed url   auth: null,
295 verbose parsed url   host: null,
295 verbose parsed url   port: null,
295 verbose parsed url   hostname: null,
295 verbose parsed url   hash: null,
295 verbose parsed url   search: null,
295 verbose parsed url   query: null,
295 verbose parsed url   pathname: '~0.2.0',
295 verbose parsed url   path: '~0.2.0',
295 verbose parsed url   href: '~0.2.0' }
296 verbose addNamed [ 'grunt-contrib-nodeunit', '~0.2.0' ]
297 verbose addNamed [ null, '>=0.2.0- <0.3.0-' ]
298 silly lockFile ac0ef488-grunt-contrib-nodeunit-0-2-0 grunt-contrib-nodeunit@~0.2.0
299 verbose lock grunt-contrib-nodeunit@~0.2.0 /Users/christopheresplin/.npm/ac0ef488-grunt-contrib-nodeunit-0-2-0.lock
300 verbose cache add [ 'supertest@~0.7.0', null ]
301 verbose cache add name=undefined spec="supertest@~0.7.0" args=["supertest@~0.7.0",null]
302 verbose parsed url { protocol: null,
302 verbose parsed url   slashes: null,
302 verbose parsed url   auth: null,
302 verbose parsed url   host: null,
302 verbose parsed url   port: null,
302 verbose parsed url   hostname: null,
302 verbose parsed url   hash: null,
302 verbose parsed url   search: null,
302 verbose parsed url   query: null,
302 verbose parsed url   pathname: 'supertest@~0.7.0',
302 verbose parsed url   path: 'supertest@~0.7.0',
302 verbose parsed url   href: 'supertest@~0.7.0' }
303 verbose cache add name="supertest" spec="~0.7.0" args=["supertest","~0.7.0"]
304 verbose parsed url { protocol: null,
304 verbose parsed url   slashes: null,
304 verbose parsed url   auth: null,
304 verbose parsed url   host: null,
304 verbose parsed url   port: null,
304 verbose parsed url   hostname: null,
304 verbose parsed url   hash: null,
304 verbose parsed url   search: null,
304 verbose parsed url   query: null,
304 verbose parsed url   pathname: '~0.7.0',
304 verbose parsed url   path: '~0.7.0',
304 verbose parsed url   href: '~0.7.0' }
305 verbose addNamed [ 'supertest', '~0.7.0' ]
306 verbose addNamed [ null, '>=0.7.0- <0.8.0-' ]
307 silly lockFile 9b7b9f5f-supertest-0-7-0 supertest@~0.7.0
308 verbose lock supertest@~0.7.0 /Users/christopheresplin/.npm/9b7b9f5f-supertest-0-7-0.lock
309 verbose cache add [ 'grunt-contrib-watch@~0.4.4', null ]
310 verbose cache add name=undefined spec="grunt-contrib-watch@~0.4.4" args=["grunt-contrib-watch@~0.4.4",null]
311 verbose parsed url { protocol: null,
311 verbose parsed url   slashes: null,
311 verbose parsed url   auth: null,
311 verbose parsed url   host: null,
311 verbose parsed url   port: null,
311 verbose parsed url   hostname: null,
311 verbose parsed url   hash: null,
311 verbose parsed url   search: null,
311 verbose parsed url   query: null,
311 verbose parsed url   pathname: 'grunt-contrib-watch@~0.4.4',
311 verbose parsed url   path: 'grunt-contrib-watch@~0.4.4',
311 verbose parsed url   href: 'grunt-contrib-watch@~0.4.4' }
312 verbose cache add name="grunt-contrib-watch" spec="~0.4.4" args=["grunt-contrib-watch","~0.4.4"]
313 verbose parsed url { protocol: null,
313 verbose parsed url   slashes: null,
313 verbose parsed url   auth: null,
313 verbose parsed url   host: null,
313 verbose parsed url   port: null,
313 verbose parsed url   hostname: null,
313 verbose parsed url   hash: null,
313 verbose parsed url   search: null,
313 verbose parsed url   query: null,
313 verbose parsed url   pathname: '~0.4.4',
313 verbose parsed url   path: '~0.4.4',
313 verbose parsed url   href: '~0.4.4' }
314 verbose addNamed [ 'grunt-contrib-watch', '~0.4.4' ]
315 verbose addNamed [ null, '>=0.4.4- <0.5.0-' ]
316 silly lockFile cf101ac5-grunt-contrib-watch-0-4-4 grunt-contrib-watch@~0.4.4
317 verbose lock grunt-contrib-watch@~0.4.4 /Users/christopheresplin/.npm/cf101ac5-grunt-contrib-watch-0-4-4.lock
318 verbose cache add [ 'express@~3.2.6', null ]
319 verbose cache add name=undefined spec="express@~3.2.6" args=["express@~3.2.6",null]
320 verbose parsed url { protocol: null,
320 verbose parsed url   slashes: null,
320 verbose parsed url   auth: null,
320 verbose parsed url   host: null,
320 verbose parsed url   port: null,
320 verbose parsed url   hostname: null,
320 verbose parsed url   hash: null,
320 verbose parsed url   search: null,
320 verbose parsed url   query: null,
320 verbose parsed url   pathname: 'express@~3.2.6',
320 verbose parsed url   path: 'express@~3.2.6',
320 verbose parsed url   href: 'express@~3.2.6' }
321 verbose cache add name="express" spec="~3.2.6" args=["express","~3.2.6"]
322 verbose parsed url { protocol: null,
322 verbose parsed url   slashes: null,
322 verbose parsed url   auth: null,
322 verbose parsed url   host: null,
322 verbose parsed url   port: null,
322 verbose parsed url   hostname: null,
322 verbose parsed url   hash: null,
322 verbose parsed url   search: null,
322 verbose parsed url   query: null,
322 verbose parsed url   pathname: '~3.2.6',
322 verbose parsed url   path: '~3.2.6',
322 verbose parsed url   href: '~3.2.6' }
323 verbose addNamed [ 'express', '~3.2.6' ]
324 verbose addNamed [ null, '>=3.2.6- <3.3.0-' ]
325 silly lockFile 0b14f64a-express-3-2-6 express@~3.2.6
326 verbose lock express@~3.2.6 /Users/christopheresplin/.npm/0b14f64a-express-3-2-6.lock
327 silly addNameRange { name: 'grunt-rev', range: '>=0.1.0- <0.2.0-', hasData: false }
328 silly addNameRange { name: 'grunt-karma',
328 silly addNameRange   range: '>=0.3.0- <0.4.0-',
328 silly addNameRange   hasData: false }
329 silly addNameRange { name: 'grunt-open', range: '>=0.2.0- <0.3.0-', hasData: false }
330 silly addNameRange { name: 'matchdep', range: '>=0.1.1- <0.2.0-', hasData: false }
331 silly addNameRange { name: 'grunt-google-cdn',
331 silly addNameRange   range: '>=0.1.1- <0.2.0-',
331 silly addNameRange   hasData: false }
332 silly addNameRange { name: 'grunt-ngmin',
332 silly addNameRange   range: '>=0.0.2- <0.1.0-',
332 silly addNameRange   hasData: false }
333 silly addNameRange { name: 'nodeunit', range: '>=0.8.0- <0.9.0-', hasData: false }
334 silly addNameRange { name: 'grunt-contrib-nodeunit',
334 silly addNameRange   range: '>=0.2.0- <0.3.0-',
334 silly addNameRange   hasData: false }
335 silly addNameRange { name: 'supertest', range: '>=0.7.0- <0.8.0-', hasData: false }
336 silly addNameRange { name: 'grunt-contrib-watch',
336 silly addNameRange   range: '>=0.4.4- <0.5.0-',
336 silly addNameRange   hasData: false }
337 silly addNameRange { name: 'express', range: '>=3.2.6- <3.3.0-', hasData: false }
338 verbose url raw convict
339 verbose url resolving [ 'https://registry.npmjs.org/', './convict' ]
340 verbose url resolved https://registry.npmjs.org/convict
341 info trying registry request attempt 1 at 13:05:31
342 verbose etag "3Z4CF8YG67OWJ8ZOO0U6GPA64"
343 http GET https://registry.npmjs.org/convict
344 verbose git remote.origin.url git://github.com/deltaepsilon/quiver-auth.git
345 verbose url raw colors
346 verbose url resolving [ 'https://registry.npmjs.org/', './colors' ]
347 verbose url resolved https://registry.npmjs.org/colors
348 info trying registry request attempt 1 at 13:05:31
349 verbose etag "7MR9AS2P4VSV7OWD5Q54LLRL1"
350 http GET https://registry.npmjs.org/colors
351 verbose url raw consolidate
352 verbose url resolving [ 'https://registry.npmjs.org/', './consolidate' ]
353 verbose url resolved https://registry.npmjs.org/consolidate
354 info trying registry request attempt 1 at 13:05:31
355 verbose etag "1HZQRJK3EC6F94RKVHKF098DG"
356 http GET https://registry.npmjs.org/consolidate
357 verbose url raw grunt-contrib-copy
358 verbose url resolving [ 'https://registry.npmjs.org/', './grunt-contrib-copy' ]
359 verbose url resolved https://registry.npmjs.org/grunt-contrib-copy
360 info trying registry request attempt 1 at 13:05:31
361 verbose etag "2B1Y9GVO0RV5LN61Z6LOV1WNA"
362 http GET https://registry.npmjs.org/grunt-contrib-copy
363 verbose url raw handlebars
364 verbose url resolving [ 'https://registry.npmjs.org/', './handlebars' ]
365 verbose url resolved https://registry.npmjs.org/handlebars
366 info trying registry request attempt 1 at 13:05:31
367 verbose etag "1FR8L3TR3DHWT016ZE9MNR70W"
368 http GET https://registry.npmjs.org/handlebars
369 verbose url raw grunt-contrib-concat
370 verbose url resolving [ 'https://registry.npmjs.org/', './grunt-contrib-concat' ]
371 verbose url resolved https://registry.npmjs.org/grunt-contrib-concat
372 info trying registry request attempt 1 at 13:05:31
373 verbose etag "64WXFRRAM66TVGM0EH9TYSE1"
374 http GET https://registry.npmjs.org/grunt-contrib-concat
375 verbose git remote.origin.url git://github.com/deltaepsilon/quake-sdk.git
376 verbose url raw grunt
377 verbose url resolving [ 'https://registry.npmjs.org/', './grunt' ]
378 verbose url resolved https://registry.npmjs.org/grunt
379 info trying registry request attempt 1 at 13:05:31
380 verbose etag "E2R2G6CX2GH1PC7XKMXG0KIKX"
381 http GET https://registry.npmjs.org/grunt
382 verbose git fetch -a origin (git://github.com/deltaepsilon/quiver-auth.git)
383 verbose git rev-list -n1 master 8c5b6fe4dd2a64231a78a5d86e554c5ec68ff49c
384 verbose resolved git url git://github.com/deltaepsilon/quiver-auth.git#8c5b6fe4dd2a64231a78a5d86e554c5ec68ff49c
385 verbose git fetch -a origin (git://github.com/deltaepsilon/quake-sdk.git)
386 verbose git rev-list -n1 master 9247c585a40b2bb75206c8e880e27691789239fe
387 verbose resolved git url git://github.com/deltaepsilon/quake-sdk.git#9247c585a40b2bb75206c8e880e27691789239fe
388 verbose url raw grunt-contrib-compass
389 verbose url resolving [ 'https://registry.npmjs.org/', './grunt-contrib-compass' ]
390 verbose url resolved https://registry.npmjs.org/grunt-contrib-compass
391 info trying registry request attempt 1 at 13:05:31
392 verbose etag "5SVDDBU0WMFBF84XA1CR6SLP"
393 http GET https://registry.npmjs.org/grunt-contrib-compass
394 verbose url raw grunt-contrib-coffee
395 verbose url resolving [ 'https://registry.npmjs.org/', './grunt-contrib-coffee' ]
396 verbose url resolved https://registry.npmjs.org/grunt-contrib-coffee
397 info trying registry request attempt 1 at 13:05:31
398 verbose etag "5TJQ9QRNKU4Y2CP8STPRE2O3N"
399 http GET https://registry.npmjs.org/grunt-contrib-coffee
400 verbose url raw grunt-contrib-cssmin
401 verbose url resolving [ 'https://registry.npmjs.org/', './grunt-contrib-cssmin' ]
402 verbose url resolved https://registry.npmjs.org/grunt-contrib-cssmin
403 info trying registry request attempt 1 at 13:05:31
404 verbose etag "2IZLYMNH41EU6ZRJME7L5Y1VE"
405 http GET https://registry.npmjs.org/grunt-contrib-cssmin
406 verbose url raw grunt-contrib-uglify
407 verbose url resolving [ 'https://registry.npmjs.org/', './grunt-contrib-uglify' ]
408 verbose url resolved https://registry.npmjs.org/grunt-contrib-uglify
409 info trying registry request attempt 1 at 13:05:31
410 verbose etag "C3ISRE7A6QFVHFCV25HJT09ZD"
411 http GET https://registry.npmjs.org/grunt-contrib-uglify
412 verbose url raw grunt-contrib-jshint
413 verbose url resolving [ 'https://registry.npmjs.org/', './grunt-contrib-jshint' ]
414 verbose url resolved https://registry.npmjs.org/grunt-contrib-jshint
415 info trying registry request attempt 1 at 13:05:31
416 verbose etag "BQGZP34IE620UTIVZP6P9H0LP"
417 http GET https://registry.npmjs.org/grunt-contrib-jshint
418 verbose url raw grunt-contrib-connect
419 verbose url resolving [ 'https://registry.npmjs.org/', './grunt-contrib-connect' ]
420 verbose url resolved https://registry.npmjs.org/grunt-contrib-connect
421 info trying registry request attempt 1 at 13:05:31
422 verbose etag "2WLNBW05ORY5CM1U0L7SSUSBA"
423 http GET https://registry.npmjs.org/grunt-contrib-connect
424 verbose url raw grunt-contrib-clean
425 verbose url resolving [ 'https://registry.npmjs.org/', './grunt-contrib-clean' ]
426 verbose url resolved https://registry.npmjs.org/grunt-contrib-clean
427 info trying registry request attempt 1 at 13:05:31
428 verbose etag "A0M7OHJPF0FT3D9FQGE4L9RYX"
429 http GET https://registry.npmjs.org/grunt-contrib-clean
430 verbose url raw grunt-contrib-htmlmin
431 verbose url resolving [ 'https://registry.npmjs.org/', './grunt-contrib-htmlmin' ]
432 verbose url resolved https://registry.npmjs.org/grunt-contrib-htmlmin
433 info trying registry request attempt 1 at 13:05:31
434 verbose etag "93VEFJ7J2ID8TA52SNO2B3CIV"
435 http GET https://registry.npmjs.org/grunt-contrib-htmlmin
436 verbose url raw grunt-contrib-livereload
437 verbose url resolving [ 'https://registry.npmjs.org/', './grunt-contrib-livereload' ]
438 verbose url resolved https://registry.npmjs.org/grunt-contrib-livereload
439 info trying registry request attempt 1 at 13:05:31
440 verbose etag "CUN0SUWYRK3NRGGTYL90TXZA0"
441 http GET https://registry.npmjs.org/grunt-contrib-livereload
442 verbose url raw grunt-bower-requirejs
443 verbose url resolving [ 'https://registry.npmjs.org/', './grunt-bower-requirejs' ]
444 verbose url resolved https://registry.npmjs.org/grunt-bower-requirejs
445 info trying registry request attempt 1 at 13:05:31
446 verbose etag "7FHCDI0FWTIR9IDNIT5ORT9YG"
447 http GET https://registry.npmjs.org/grunt-bower-requirejs
448 verbose url raw grunt-regarde
449 verbose url resolving [ 'https://registry.npmjs.org/', './grunt-regarde' ]
450 verbose url resolved https://registry.npmjs.org/grunt-regarde
451 info trying registry request attempt 1 at 13:05:31
452 verbose etag "EOP36HZY0RKK8Q957SBTZ06AG"
453 http GET https://registry.npmjs.org/grunt-regarde
454 verbose url raw grunt-contrib-imagemin
455 verbose url resolving [ 'https://registry.npmjs.org/', './grunt-contrib-imagemin' ]
456 verbose url resolved https://registry.npmjs.org/grunt-contrib-imagemin
457 info trying registry request attempt 1 at 13:05:31
458 verbose etag "BHF6R9Z8VUMPW41ZSTPPOVHJX"
459 http GET https://registry.npmjs.org/grunt-contrib-imagemin
460 verbose url raw grunt-usemin
461 verbose url resolving [ 'https://registry.npmjs.org/', './grunt-usemin' ]
462 verbose url resolved https://registry.npmjs.org/grunt-usemin
463 info trying registry request attempt 1 at 13:05:31
464 verbose etag "EWBHARO889FARK0EGOTULL9GK"
465 http GET https://registry.npmjs.org/grunt-usemin
466 verbose url raw grunt-rev
467 verbose url resolving [ 'https://registry.npmjs.org/', './grunt-rev' ]
468 verbose url resolved https://registry.npmjs.org/grunt-rev
469 info trying registry request attempt 1 at 13:05:31
470 verbose etag "F0Y860GH377W5D2ARRIEKC68P"
471 http GET https://registry.npmjs.org/grunt-rev
472 verbose url raw grunt-karma
473 verbose url resolving [ 'https://registry.npmjs.org/', './grunt-karma' ]
474 verbose url resolved https://registry.npmjs.org/grunt-karma
475 info trying registry request attempt 1 at 13:05:31
476 verbose etag "2SUSZHY6O4SAEH2W33CBOO91Q"
477 http GET https://registry.npmjs.org/grunt-karma
478 verbose url raw matchdep
479 verbose url resolving [ 'https://registry.npmjs.org/', './matchdep' ]
480 verbose url resolved https://registry.npmjs.org/matchdep
481 info trying registry request attempt 1 at 13:05:31
482 verbose etag "13TWTEZ5DKWQ8N3F8G59LSZN9"
483 http GET https://registry.npmjs.org/matchdep
484 verbose url raw grunt-contrib-nodeunit
485 verbose url resolving [ 'https://registry.npmjs.org/', './grunt-contrib-nodeunit' ]
486 verbose url resolved https://registry.npmjs.org/grunt-contrib-nodeunit
487 info trying registry request attempt 1 at 13:05:31
488 verbose etag "BAWN2YZVRZ0AFZQYLRKY6B8N"
489 http GET https://registry.npmjs.org/grunt-contrib-nodeunit
490 verbose url raw grunt-google-cdn
491 verbose url resolving [ 'https://registry.npmjs.org/', './grunt-google-cdn' ]
492 verbose url resolved https://registry.npmjs.org/grunt-google-cdn
493 info trying registry request attempt 1 at 13:05:31
494 verbose etag "9KFJN58SF24ZOJ8W0EKBTRS30"
495 http GET https://registry.npmjs.org/grunt-google-cdn
496 verbose url raw grunt-open
497 verbose url resolving [ 'https://registry.npmjs.org/', './grunt-open' ]
498 verbose url resolved https://registry.npmjs.org/grunt-open
499 info trying registry request attempt 1 at 13:05:31
500 verbose etag "2Z9XZF2W0BDP3QKDAL5AKG70Y"
501 http GET https://registry.npmjs.org/grunt-open
502 verbose url raw supertest
503 verbose url resolving [ 'https://registry.npmjs.org/', './supertest' ]
504 verbose url resolved https://registry.npmjs.org/supertest
505 info trying registry request attempt 1 at 13:05:31
506 verbose etag "589RCLWGD75T6UVJGD4HX7K34"
507 http GET https://registry.npmjs.org/supertest
508 verbose url raw grunt-ngmin
509 verbose url resolving [ 'https://registry.npmjs.org/', './grunt-ngmin' ]
510 verbose url resolved https://registry.npmjs.org/grunt-ngmin
511 info trying registry request attempt 1 at 13:05:31
512 verbose etag "EHDQ8GH5TN7C1FKNYA4LU3F4U"
513 http GET https://registry.npmjs.org/grunt-ngmin
514 verbose url raw nodeunit
515 verbose url resolving [ 'https://registry.npmjs.org/', './nodeunit' ]
516 verbose url resolved https://registry.npmjs.org/nodeunit
517 info trying registry request attempt 1 at 13:05:31
518 verbose etag "E93GX8OFYJM9FUQ8QSOWEAJL"
519 http GET https://registry.npmjs.org/nodeunit
520 verbose url raw grunt-contrib-watch
521 verbose url resolving [ 'https://registry.npmjs.org/', './grunt-contrib-watch' ]
522 verbose url resolved https://registry.npmjs.org/grunt-contrib-watch
523 info trying registry request attempt 1 at 13:05:31
524 verbose etag "BD46T7RY6AFH95JE5UFPMRS2B"
525 http GET https://registry.npmjs.org/grunt-contrib-watch
526 verbose url raw express
527 verbose url resolving [ 'https://registry.npmjs.org/', './express' ]
528 verbose url resolved https://registry.npmjs.org/express
529 info trying registry request attempt 1 at 13:05:31
530 verbose etag "3KUOO137DY7RDG59SR78UTPOY"
531 http GET https://registry.npmjs.org/express
532 verbose tar unpack /var/folders/wp/1yz64x751vq7gm4wwsgpnsl80000gn/T/npm-12199/1370631931483-0.8663536165840924/tmp.tgz
533 silly lockFile aed33add-31483-0-8663536165840924-package /var/folders/wp/1yz64x751vq7gm4wwsgpnsl80000gn/T/npm-12199/1370631931483-0.8663536165840924/package
534 verbose lock /var/folders/wp/1yz64x751vq7gm4wwsgpnsl80000gn/T/npm-12199/1370631931483-0.8663536165840924/package /Users/christopheresplin/.npm/aed33add-31483-0-8663536165840924-package.lock
535 silly lockFile a9bd600f-31483-0-8663536165840924-tmp-tgz /var/folders/wp/1yz64x751vq7gm4wwsgpnsl80000gn/T/npm-12199/1370631931483-0.8663536165840924/tmp.tgz
536 verbose lock /var/folders/wp/1yz64x751vq7gm4wwsgpnsl80000gn/T/npm-12199/1370631931483-0.8663536165840924/tmp.tgz /Users/christopheresplin/.npm/a9bd600f-31483-0-8663536165840924-tmp-tgz.lock
537 verbose tar unpack /var/folders/wp/1yz64x751vq7gm4wwsgpnsl80000gn/T/npm-12199/1370631931468-0.4285085143055767/tmp.tgz
538 silly lockFile 4b61319f-31468-0-4285085143055767-package /var/folders/wp/1yz64x751vq7gm4wwsgpnsl80000gn/T/npm-12199/1370631931468-0.4285085143055767/package
539 verbose lock /var/folders/wp/1yz64x751vq7gm4wwsgpnsl80000gn/T/npm-12199/1370631931468-0.4285085143055767/package /Users/christopheresplin/.npm/4b61319f-31468-0-4285085143055767-package.lock
540 silly lockFile 13038c0c-31468-0-4285085143055767-tmp-tgz /var/folders/wp/1yz64x751vq7gm4wwsgpnsl80000gn/T/npm-12199/1370631931468-0.4285085143055767/tmp.tgz
541 verbose lock /var/folders/wp/1yz64x751vq7gm4wwsgpnsl80000gn/T/npm-12199/1370631931468-0.4285085143055767/tmp.tgz /Users/christopheresplin/.npm/13038c0c-31468-0-4285085143055767-tmp-tgz.lock
542 silly gunzTarPerm modes [ '755', '644' ]
543 silly gunzTarPerm modes [ '755', '644' ]
544 silly gunzTarPerm extractEntry
545 silly gunzTarPerm modified mode [ '', 509, 493 ]
546 silly gunzTarPerm extractEntry
547 silly gunzTarPerm modified mode [ '', 509, 493 ]
548 silly gunzTarPerm extractEntry .gitignore
549 silly gunzTarPerm modified mode [ '.gitignore', 436, 420 ]
550 silly gunzTarPerm extractEntry Gruntfile.js
551 silly gunzTarPerm modified mode [ 'Gruntfile.js', 436, 420 ]
552 silly gunzTarPerm extractEntry README.md
553 silly gunzTarPerm modified mode [ 'README.md', 436, 420 ]
554 silly gunzTarPerm extractEntry .gitignore
555 silly gunzTarPerm modified mode [ '.gitignore', 436, 420 ]
556 silly gunzTarPerm extractEntry README.md
557 silly gunzTarPerm modified mode [ 'README.md', 436, 420 ]
558 silly gunzTarPerm extractEntry config/
559 silly gunzTarPerm modified mode [ 'config/', 509, 493 ]
560 silly gunzTarPerm extractEntry config/
561 silly gunzTarPerm modified mode [ 'config/', 509, 493 ]
562 silly gunzTarPerm extractEntry config/convict.js
563 silly gunzTarPerm modified mode [ 'config/convict.js', 436, 420 ]
564 silly gunzTarPerm extractEntry config/convict.js
565 silly gunzTarPerm modified mode [ 'config/convict.js', 436, 420 ]
566 silly gunzTarPerm extractEntry index.js
567 silly gunzTarPerm modified mode [ 'index.js', 436, 420 ]
568 silly gunzTarPerm extractEntry package.json
569 silly gunzTarPerm modified mode [ 'package.json', 436, 420 ]
570 silly gunzTarPerm extractEntry quiver-auth.js
571 silly gunzTarPerm modified mode [ 'quiver-auth.js', 436, 420 ]
572 silly gunzTarPerm extractEntry package.json
573 silly gunzTarPerm modified mode [ 'package.json', 436, 420 ]
574 silly gunzTarPerm extractEntry test.js
575 silly gunzTarPerm modified mode [ 'test.js', 436, 420 ]
576 verbose read json /var/folders/wp/1yz64x751vq7gm4wwsgpnsl80000gn/T/npm-12199/1370631931483-0.8663536165840924/package/package.json
577 silly lockFile aed33add-31483-0-8663536165840924-package /var/folders/wp/1yz64x751vq7gm4wwsgpnsl80000gn/T/npm-12199/1370631931483-0.8663536165840924/package
578 silly lockFile aed33add-31483-0-8663536165840924-package /var/folders/wp/1yz64x751vq7gm4wwsgpnsl80000gn/T/npm-12199/1370631931483-0.8663536165840924/package
579 silly lockFile a9bd600f-31483-0-8663536165840924-tmp-tgz /var/folders/wp/1yz64x751vq7gm4wwsgpnsl80000gn/T/npm-12199/1370631931483-0.8663536165840924/tmp.tgz
580 silly lockFile a9bd600f-31483-0-8663536165840924-tmp-tgz /var/folders/wp/1yz64x751vq7gm4wwsgpnsl80000gn/T/npm-12199/1370631931483-0.8663536165840924/tmp.tgz
581 silly lockFile 0ff40d5d-b-com-deltaepsilon-quake-sdk-git git://github.com/deltaepsilon/quake-sdk.git
582 silly lockFile 0ff40d5d-b-com-deltaepsilon-quake-sdk-git git://github.com/deltaepsilon/quake-sdk.git
583 error Failed to parse json
583 error Unexpected string
584 error File: /var/folders/wp/1yz64x751vq7gm4wwsgpnsl80000gn/T/npm-12199/1370631931483-0.8663536165840924/package/package.json
585 error Failed to parse package.json data.
585 error package.json must be actual JSON, not just JavaScript.
585 error
585 error This is not a bug in npm.
585 error Tell the package author to fix their package.json file. JSON.parse
586 error System Darwin 12.3.0
587 error command "/usr/local/Cellar/node/0.10.9/bin/node" "/usr/local/bin/npm" "install"
588 error cwd /Users/christopheresplin/Development/quiver
589 error node -v v0.10.9
590 error npm -v 1.2.24
591 error file /var/folders/wp/1yz64x751vq7gm4wwsgpnsl80000gn/T/npm-12199/1370631931483-0.8663536165840924/package/package.json
592 error code EJSONPARSE
593 verbose exit [ 1, true ]
